<?xml version="1.0" encoding="UTF-8"?>
<!-- Generated by org.testng.reporters.JUnitReportReporter -->
<testsuite skipped="0" hostname="DESKTOP-E2RGPRU" name="iFlightNeo.tests.NeoOps_AAF_TC" tests="1" failures="0" timestamp="2020-10-28T16:08:25 IST" time="66.084" errors="0">
  <testcase name="login" time="66.084" classname="iFlightNeo.tests.NeoOps_AAF_TC"/>
  <system-out/>
</testsuite> <!-- iFlightNeo.tests.NeoOps_AAF_TC -->
