<?xml version="1.0" encoding="UTF-8"?>
<!-- Generated by org.testng.reporters.JUnitReportReporter -->
<testsuite skipped="0" hostname="DESKTOP-E2RGPRU" name="iFlightNeo.tests.NeoOps_AAF_TC054" tests="1" failures="0" timestamp="2020-11-03T22:58:36 IST" time="52.901" errors="0">
  <testcase name="NeoOps_AAF_TC054_Test" time="52.901" classname="iFlightNeo.tests.NeoOps_AAF_TC054"/>
  <system-out/>
</testsuite> <!-- iFlightNeo.tests.NeoOps_AAF_TC054 -->
