<?xml version="1.0" encoding="UTF-8"?>
<!-- Generated by org.testng.reporters.JUnitReportReporter -->
<testsuite skipped="0" hostname="DESKTOP-E2RGPRU" name="iFlightNeo.tests.NeoOps_AAF_TC166" tests="1" failures="0" timestamp="2020-11-03T23:08:20 IST" time="41.208" errors="0">
  <testcase name="NeoOps_AAF_TC166_sendReport" time="41.208" classname="iFlightNeo.tests.NeoOps_AAF_TC166"/>
  <system-out/>
</testsuite> <!-- iFlightNeo.tests.NeoOps_AAF_TC166 -->
