<?xml version="1.0" encoding="UTF-8"?>
<!-- Generated by org.testng.reporters.JUnitReportReporter -->
<testsuite skipped="0" hostname="DESKTOP-E2RGPRU" name="iFlightNeo.tests.NeoOps_AAF_TC057" tests="1" failures="0" timestamp="2020-11-11T19:18:32 IST" time="102.860" errors="0">
  <testcase name="NeoOps_AAF_TC057_Test" time="102.860" classname="iFlightNeo.tests.NeoOps_AAF_TC057"/>
  <system-out/>
</testsuite> <!-- iFlightNeo.tests.NeoOps_AAF_TC057 -->
