<?xml version="1.0" encoding="UTF-8"?>
<!-- Generated by org.testng.reporters.JUnitReportReporter -->
<testsuite skipped="0" hostname="DESKTOP-E2RGPRU" name="sabreDX_testCases.Ineo" tests="1" failures="0" timestamp="2020-10-22T00:06:38 IST" time="63.231" errors="0">
  <testcase name="login" time="63.231" classname="sabreDX_testCases.Ineo"/>
  <system-out/>
</testsuite> <!-- sabreDX_testCases.Ineo -->
